# JRE version: OpenJDK Runtime Environment (7.0_65-b32) (build 1.7.0_65-b32)
# Java VM: OpenJDK 64-Bit Server VM (24.65-b04 mixed mode linux-amd64 compressed oops)
Heap
 par new generation   total 230400K, used 129216K [0x00000000bb400000, 0x00000000cae00000, 0x00000000cae00000)
  eden space 204800K,  55% used [0x00000000bb400000, 0x00000000c2334038, 0x00000000c7c00000)
  from space 25600K,  59% used [0x00000000c7c00000, 0x00000000c8afc318, 0x00000000c9500000)
  to   space 25600K,   0% used [0x00000000c9500000, 0x00000000c9500000, 0x00000000cae00000)
 concurrent mark-sweep generation total 512000K, used 379184K [0x00000000cae00000, 0x00000000ea200000, 0x00000000ea200000)
 concurrent-mark-sweep perm gen total 299308K, used 194162K [0x00000000ea200000, 0x00000000fc64b000, 0x0000000100000000)
GC Heap History (10 events):
Event: 3267.041 GC heap before
{Heap before GC invocations=241 (full 16):
 par new generation   total 230400K, used 224510K [0x00000000bb400000, 0x00000000cae00000, 0x00000000cae00000)
  eden space 204800K, 100% used [0x00000000bb400000, 0x00000000c7c00000, 0x00000000c7c00000)
  from space 25600K,  76% used [0x00000000c9500000, 0x00000000ca83fae0, 0x00000000cae00000)
  to   space 25600K,   0% used [0x00000000c7c00000, 0x00000000c7c00000, 0x00000000c9500000)
 concurrent mark-sweep generation total 512000K, used 375862K [0x00000000cae00000, 0x00000000ea200000, 0x00000000ea200000)
 concurrent-mark-sweep perm gen total 299308K, used 193641K [0x00000000ea200000, 0x00000000fc64b000, 0x0000000100000000)
Event: 3267.059 GC heap after
Heap after GC invocations=242 (full 16):
 par new generation   total 230400K, used 18789K [0x00000000bb400000, 0x00000000cae00000, 0x00000000cae00000)
  eden space 204800K,   0% used [0x00000000bb400000, 0x00000000bb400000, 0x00000000c7c00000)
  from space 25600K,  73% used [0x00000000c7c00000, 0x00000000c8e597f0, 0x00000000c9500000)
  to   space 25600K,   0% used [0x00000000c9500000, 0x00000000c9500000, 0x00000000cae00000)
 concurrent mark-sweep generation total 512000K, used 378102K [0x00000000cae00000, 0x00000000ea200000, 0x00000000ea200000)
 concurrent-mark-sweep perm gen total 299308K, used 193641K [0x00000000ea200000, 0x00000000fc64b000, 0x0000000100000000)
}
Event: 3318.037 GC heap before
{Heap before GC invocations=242 (full 16):
 par new generation   total 230400K, used 223589K [0x00000000bb400000, 0x00000000cae00000, 0x00000000cae00000)
  eden space 204800K, 100% used [0x00000000bb400000, 0x00000000c7c00000, 0x00000000c7c00000)
  from space 25600K,  73% used [0x00000000c7c00000, 0x00000000c8e597f0, 0x00000000c9500000)
  to   space 25600K,   0% used [0x00000000c9500000, 0x00000000c9500000, 0x00000000cae00000)
 concurrent mark-sweep generation total 512000K, used 378102K [0x00000000cae00000, 0x00000000ea200000, 0x00000000ea200000)
 concurrent-mark-sweep perm gen total 299308K, used 193685K [0x00000000ea200000, 0x00000000fc64b000, 0x0000000100000000)
Event: 3318.050 GC heap after
Heap after GC invocations=243 (full 16):
 par new generation   total 230400K, used 13832K [0x00000000bb400000, 0x00000000cae00000, 0x00000000cae00000)
  eden space 204800K,   0% used [0x00000000bb400000, 0x00000000bb400000, 0x00000000c7c00000)
  from space 25600K,  54% used [0x00000000c9500000, 0x00000000ca2823f0, 0x00000000cae00000)
  to   space 25600K,   0% used [0x00000000c7c00000, 0x00000000c7c00000, 0x00000000c9500000)
 concurrent mark-sweep generation total 512000K, used 378102K [0x00000000cae00000, 0x00000000ea200000, 0x00000000ea200000)
 concurrent-mark-sweep perm gen total 299308K, used 193685K [0x00000000ea200000, 0x00000000fc64b000, 0x0000000100000000)
}
Event: 3344.228 GC heap before
{Heap before GC invocations=243 (full 16):
 par new generation   total 230400K, used 218632K [0x00000000bb400000, 0x00000000cae00000, 0x00000000cae00000)
  eden space 204800K, 100% used [0x00000000bb400000, 0x00000000c7c00000, 0x00000000c7c00000)
  from space 25600K,  54% used [0x00000000c9500000, 0x00000000ca2823f0, 0x00000000cae00000)
  to   space 25600K,   0% used [0x00000000c7c00000, 0x00000000c7c00000, 0x00000000c9500000)
 concurrent mark-sweep generation total 512000K, used 378102K [0x00000000cae00000, 0x00000000ea200000, 0x00000000ea200000)
 concurrent-mark-sweep perm gen total 299308K, used 193849K [0x00000000ea200000, 0x00000000fc64b000, 0x0000000100000000)
Event: 3344.242 GC heap after
Heap after GC invocations=244 (full 16):
 par new generation   total 230400K, used 17012K [0x00000000bb400000, 0x00000000cae00000, 0x00000000cae00000)
  eden space 204800K,   0% used [0x00000000bb400000, 0x00000000bb400000, 0x00000000c7c00000)
  from space 25600K,  66% used [0x00000000c7c00000, 0x00000000c8c9d2f8, 0x00000000c9500000)
  to   space 25600K,   0% used [0x00000000c9500000, 0x00000000c9500000, 0x00000000cae00000)
 concurrent mark-sweep generation total 512000K, used 378102K [0x00000000cae00000, 0x00000000ea200000, 0x00000000ea200000)
 concurrent-mark-sweep perm gen total 299308K, used 193849K [0x00000000ea200000, 0x00000000fc64b000, 0x0000000100000000)
}
Event: 3371.269 GC heap before
{Heap before GC invocations=244 (full 16):
 par new generation   total 230400K, used 221812K [0x00000000bb400000, 0x00000000cae00000, 0x00000000cae00000)
  eden space 204800K, 100% used [0x00000000bb400000, 0x00000000c7c00000, 0x00000000c7c00000)
  from space 25600K,  66% used [0x00000000c7c00000, 0x00000000c8c9d2f8, 0x00000000c9500000)
  to   space 25600K,   0% used [0x00000000c9500000, 0x00000000c9500000, 0x00000000cae00000)
 concurrent mark-sweep generation total 512000K, used 378102K [0x00000000cae00000, 0x00000000ea200000, 0x00000000ea200000)
 concurrent-mark-sweep perm gen total 299308K, used 193859K [0x00000000ea200000, 0x00000000fc64b000, 0x0000000100000000)
Event: 3371.282 GC heap after
Heap after GC invocations=245 (full 16):
 par new generation   total 230400K, used 12093K [0x00000000bb400000, 0x00000000cae00000, 0x00000000cae00000)
  eden space 204800K,   0% used [0x00000000bb400000, 0x00000000bb400000, 0x00000000c7c00000)
  from space 25600K,  47% used [0x00000000c9500000, 0x00000000ca0cf570, 0x00000000cae00000)
  to   space 25600K,   0% used [0x00000000c7c00000, 0x00000000c7c00000, 0x00000000c9500000)
 concurrent mark-sweep generation total 512000K, used 378102K [0x00000000cae00000, 0x00000000ea200000, 0x00000000ea200000)
 concurrent-mark-sweep perm gen total 299308K, used 193859K [0x00000000ea200000, 0x00000000fc64b000, 0x0000000100000000)
}
Event: 3382.040 GC heap before
{Heap before GC invocations=245 (full 16):
 par new generation   total 230400K, used 216893K [0x00000000bb400000, 0x00000000cae00000, 0x00000000cae00000)
  eden space 204800K, 100% used [0x00000000bb400000, 0x00000000c7c00000, 0x00000000c7c00000)
  from space 25600K,  47% used [0x00000000c9500000, 0x00000000ca0cf570, 0x00000000cae00000)
  to   space 25600K,   0% used [0x00000000c7c00000, 0x00000000c7c00000, 0x00000000c9500000)
 concurrent mark-sweep generation total 512000K, used 378102K [0x00000000cae00000, 0x00000000ea200000, 0x00000000ea200000)
 concurrent-mark-sweep perm gen total 299308K, used 193865K [0x00000000ea200000, 0x00000000fc64b000, 0x0000000100000000)
Event: 3382.059 GC heap after
Heap after GC invocations=246 (full 16):
 par new generation   total 230400K, used 15344K [0x00000000bb400000, 0x00000000cae00000, 0x00000000cae00000)
  eden space 204800K,   0% used [0x00000000bb400000, 0x00000000bb400000, 0x00000000c7c00000)
  from space 25600K,  59% used [0x00000000c7c00000, 0x00000000c8afc318, 0x00000000c9500000)
  to   space 25600K,   0% used [0x00000000c9500000, 0x00000000c9500000, 0x00000000cae00000)
 concurrent mark-sweep generation total 512000K, used 379184K [0x00000000cae00000, 0x00000000ea200000, 0x00000000ea200000)
 concurrent-mark-sweep perm gen total 299308K, used 193865K [0x00000000ea200000, 0x00000000fc64b000, 0x0000000100000000)
}

